<?xml version="1.0" encoding="UTF-8"?>
<!-- Generated by org.testng.reporters.JUnitXMLReporter -->
<testsuite ignored="0" hostname="ATMECSINDT-030" failures="0" tests="5" name="Test" time="58.664" errors="0" timestamp="06 Aug 2019 09:56:13 GMT">
  <testcase classname="com.falcon.testscripts.viewpage.ExportFile" name="verifyDownload" time="7.753"/>
  <testcase classname="com.falcon.testscripts.viewpage.ToggleDashboard" name="validateToggleDashBoard" time="5.392"/>
  <testcase classname="com.falcon.testscripts.viewpage.SortingTestCaseName" name="sortTestCaseNames" time="5.515"/>
  <testcase classname="com.falcon.testscripts.viewpage.ViewPageTest" name="getPassTestResults" time="5.315"/>
  <testcase classname="com.falcon.testscripts.viewpage.ViewPageTest" name="getFailTestResults" time="1.413"/>
</testsuite> <!-- Test -->
