<?xml version="1.0" encoding="UTF-8"?>
<!-- Generated by org.testng.reporters.JUnitXMLReporter -->
<testsuite ignored="0" hostname="ATMECSINDT-030" failures="0" tests="2" name="Default test" time="18.516" errors="0" timestamp="06 Aug 2019 08:31:31 GMT">
  <testcase classname="com.falcon.testscripts.viewpage.ViewPageTest" name="getPassTestResults" time="5.479"/>
  <testcase classname="com.falcon.testscripts.viewpage.ViewPageTest" name="getFailTestResults" time="1.566"/>
</testsuite> <!-- Default test -->
