<?xml version="1.0" encoding="UTF-8"?>
<testng-results ignored="0" total="5" passed="5" failed="0" skipped="0">
  <reporter-output>
  </reporter-output>
  <suite started-at="2019-08-06T09:55:15Z" name="Suite" finished-at="2019-08-06T09:56:13Z" duration-ms="58664">
    <groups>
    </groups>
    <test started-at="2019-08-06T09:55:15Z" name="Test" finished-at="2019-08-06T09:56:13Z" duration-ms="58664">
      <class name="com.falcon.testscripts.viewpage.ToggleDashboard">
        <test-method is-config="true" signature="intitailizeBrowser()[pri:0, instance:com.falcon.testscripts.viewpage.ToggleDashboard@402bba4f]" started-at="2019-08-06T09:55:31Z" name="intitailizeBrowser" finished-at="2019-08-06T09:55:38Z" duration-ms="6487" status="PASS">
          <reporter-output>
          </reporter-output>
        </test-method> <!-- intitailizeBrowser -->
        <test-method signature="validateToggleDashBoard()[pri:0, instance:com.falcon.testscripts.viewpage.ToggleDashboard@402bba4f]" started-at="2019-08-06T09:55:38Z" name="validateToggleDashBoard" finished-at="2019-08-06T09:55:43Z" duration-ms="5392" status="PASS">
          <reporter-output>
          </reporter-output>
        </test-method> <!-- validateToggleDashBoard -->
        <test-method is-config="true" signature="endTest()[pri:0, instance:com.falcon.testscripts.viewpage.ToggleDashboard@402bba4f]" started-at="2019-08-06T09:55:43Z" name="endTest" finished-at="2019-08-06T09:55:44Z" duration-ms="977" status="PASS">
          <reporter-output>
          </reporter-output>
        </test-method> <!-- endTest -->
      </class> <!-- com.falcon.testscripts.viewpage.ToggleDashboard -->
      <class name="com.falcon.testscripts.viewpage.SortingTestCaseName">
        <test-method is-config="true" signature="intitailizeBrowser()[pri:0, instance:com.falcon.testscripts.viewpage.SortingTestCaseName@795cd85e]" started-at="2019-08-06T09:55:44Z" name="intitailizeBrowser" finished-at="2019-08-06T09:55:51Z" duration-ms="7281" status="PASS">
          <reporter-output>
          </reporter-output>
        </test-method> <!-- intitailizeBrowser -->
        <test-method signature="sortTestCaseNames()[pri:0, instance:com.falcon.testscripts.viewpage.SortingTestCaseName@795cd85e]" started-at="2019-08-06T09:55:51Z" name="sortTestCaseNames" finished-at="2019-08-06T09:55:57Z" duration-ms="5515" status="PASS">
          <reporter-output>
          </reporter-output>
        </test-method> <!-- sortTestCaseNames -->
        <test-method is-config="true" signature="endTest()[pri:0, instance:com.falcon.testscripts.viewpage.SortingTestCaseName@795cd85e]" started-at="2019-08-06T09:55:57Z" name="endTest" finished-at="2019-08-06T09:55:58Z" duration-ms="1089" status="PASS">
          <reporter-output>
          </reporter-output>
        </test-method> <!-- endTest -->
      </class> <!-- com.falcon.testscripts.viewpage.SortingTestCaseName -->
      <class name="com.falcon.testscripts.viewpage.ExportFile">
        <test-method is-config="true" signature="intitailizeBrowser()[pri:0, instance:com.falcon.testscripts.viewpage.ExportFile@6e171cd7]" started-at="2019-08-06T09:55:15Z" name="intitailizeBrowser" finished-at="2019-08-06T09:55:22Z" duration-ms="7509" status="PASS">
          <reporter-output>
          </reporter-output>
        </test-method> <!-- intitailizeBrowser -->
        <test-method signature="verifyDownload()[pri:0, instance:com.falcon.testscripts.viewpage.ExportFile@6e171cd7]" started-at="2019-08-06T09:55:22Z" name="verifyDownload" finished-at="2019-08-06T09:55:30Z" duration-ms="7753" status="PASS">
          <reporter-output>
          </reporter-output>
        </test-method> <!-- verifyDownload -->
        <test-method is-config="true" signature="endTest()[pri:0, instance:com.falcon.testscripts.viewpage.ExportFile@6e171cd7]" started-at="2019-08-06T09:55:30Z" name="endTest" finished-at="2019-08-06T09:55:31Z" duration-ms="1114" status="PASS">
          <reporter-output>
          </reporter-output>
        </test-method> <!-- endTest -->
      </class> <!-- com.falcon.testscripts.viewpage.ExportFile -->
      <class name="com.falcon.testscripts.viewpage.ViewPageTest">
        <test-method is-config="true" signature="intitailizeBrowser()[pri:0, instance:com.falcon.testscripts.viewpage.ViewPageTest@59fd97a8]" started-at="2019-08-06T09:55:58Z" name="intitailizeBrowser" finished-at="2019-08-06T09:56:05Z" duration-ms="7445" status="PASS">
          <reporter-output>
          </reporter-output>
        </test-method> <!-- intitailizeBrowser -->
        <test-method signature="getPassTestResults()[pri:1, instance:com.falcon.testscripts.viewpage.ViewPageTest@59fd97a8]" started-at="2019-08-06T09:56:05Z" name="getPassTestResults" finished-at="2019-08-06T09:56:11Z" duration-ms="5315" status="PASS">
          <reporter-output>
          </reporter-output>
        </test-method> <!-- getPassTestResults -->
        <test-method signature="getFailTestResults()[pri:2, instance:com.falcon.testscripts.viewpage.ViewPageTest@59fd97a8]" started-at="2019-08-06T09:56:11Z" name="getFailTestResults" finished-at="2019-08-06T09:56:12Z" duration-ms="1413" status="PASS">
          <reporter-output>
          </reporter-output>
        </test-method> <!-- getFailTestResults -->
        <test-method is-config="true" signature="endTest()[pri:0, instance:com.falcon.testscripts.viewpage.ViewPageTest@59fd97a8]" started-at="2019-08-06T09:56:12Z" name="endTest" finished-at="2019-08-06T09:56:13Z" duration-ms="1332" status="PASS">
          <reporter-output>
          </reporter-output>
        </test-method> <!-- endTest -->
      </class> <!-- com.falcon.testscripts.viewpage.ViewPageTest -->
    </test> <!-- Test -->
  </suite> <!-- Suite -->
</testng-results>
